<?xml version="1.0" encoding="UTF-8"?>
<!-- Generated by org.testng.reporters.JUnitReportReporter -->
<testsuite hostname="Kratikas-MacBook-Air.local" failures="0" tests="1" name="dataDriven.excelDataProvider.excel" time="1.406" errors="0" timestamp="2023-08-10T13:52:01 IST" skipped="0">
  <testcase classname="dataDriven.excelDataProvider.excel" name="getExcel" time="1.406"/>
  <system-out/>
</testsuite> <!-- dataDriven.excelDataProvider.excel -->
