<?xml version="1.0" encoding="UTF-8"?>
<!-- Generated by org.testng.reporters.JUnitReportReporter -->
<testsuite hostname="Kratikas-MacBook-Air.local" failures="0" tests="2" name="TestNG_T.day2" time="0.005" errors="0" timestamp="2023-07-27T14:49:09 IST" skipped="0">
  <testcase classname="TestNG_T.day2" name="smk" time="0.003"/>
  <testcase classname="TestNG_T.day2" name="secondTest" time="0.002"/>
</testsuite> <!-- TestNG_T.day2 -->
