<?xml version="1.0" encoding="UTF-8"?>
<!-- Generated by org.testng.reporters.JUnitReportReporter -->
<testsuite hostname="Kratikas-MacBook-Air.local" failures="0" tests="3" name="TestNG_T.day3" time="0.028" errors="0" timestamp="2023-07-27T14:49:09 IST" skipped="0">
  <testcase classname="TestNG_T.day3" name="mobileLogincarloan" time="0.006"/>
  <testcase classname="TestNG_T.day3" name="apiLogincarloan" time="0.019"/>
  <testcase classname="TestNG_T.day3" name="weblogincarloan" time="0.003"/>
</testsuite> <!-- TestNG_T.day3 -->
