<?xml version="1.0" encoding="UTF-8"?>
<!-- Generated by org.testng.reporters.JUnitReportReporter -->
<testsuite hostname="Kratikas-MacBook-Air.local" failures="0" tests="2" name="TestNG_T.day1" time="0.009" errors="0" timestamp="2023-07-27T14:49:09 IST" skipped="0">
  <testcase classname="TestNG_T.day1" name="SecondTest" time="0.003"/>
  <testcase classname="TestNG_T.day1" name="Demo" time="0.006"/>
</testsuite> <!-- TestNG_T.day1 -->
