<?xml version="1.0" encoding="UTF-8"?>
<!-- Generated by org.testng.reporters.JUnitReportReporter -->
<testsuite hostname="Kratikas-MacBook-Air.local" failures="0" tests="1" name="TestNG_T.day4" time="0.008" errors="0" timestamp="2023-07-27T14:49:09 IST" skipped="0">
  <testcase classname="TestNG_T.day4" name="para" time="0.008"/>
</testsuite> <!-- TestNG_T.day4 -->
