<?xml version="1.0" encoding="UTF-8"?>
<!-- Generated by org.testng.reporters.JUnitReportReporter -->
<testsuite hostname="Kratikas-MacBook-Air.local" failures="0" tests="1" name="TestingFrameWork.ExtentReports.ExtentReportDemo" time="5.518" errors="0" timestamp="2023-08-03T13:01:35 IST" skipped="0">
  <testcase classname="TestingFrameWork.ExtentReports.ExtentReportDemo" name="initialDemo" time="5.518"/>
</testsuite> <!-- TestingFrameWork.ExtentReports.ExtentReportDemo -->
